<?xml version="1.0" encoding="UTF-8"?>
<!-- Generated by org.testng.reporters.JUnitReportReporter -->
<testsuite hostname="GDILP-196" name="com.zipal.test.VerifyCart" tests="3" failures="0" timestamp="22 Jun 2020 09:32:13 GMT" time="7.478" errors="0">
  <testcase name="verifyProductsOnPhonesAndPDAsPage" time="4.323" classname="com.zipal.test.VerifyCart"/>
  <testcase name="verifyPage" time="3.084" classname="com.zipal.test.VerifyCart"/>
  <testcase name="verifyLink" time="0.071" classname="com.zipal.test.VerifyCart"/>
</testsuite> <!-- com.zipal.test.VerifyCart -->
